
  [30;43;1m WARN [39;49;22m Metadata found in doc-comment for method Tests\Feature\Filament\PropertyResourceTest::admin_can_render_property_list_page(). Metadata in doc-comments is deprecated and will no longer be supported in PHPUnit 12. Update your test code to use attributes instead.

  [30;43;1m WARN [39;49;22m Metadata found in doc-comment for class Tests\Feature\Filament\PropertyResourceTest. Metadata in doc-comments is deprecated and will no longer be supported in PHPUnit 12. Update your test code to use attributes instead.

  [30;43;1m WARN [39;49;22m Metadata found in doc-comment for method Tests\Feature\Filament\PropertyResourceTest::manager_can_render_property_list_page(). Metadata in doc-comments is deprecated and will no longer be supported in PHPUnit 12. Update your test code to use attributes instead.

  [30;43;1m WARN [39;49;22m Metadata found in doc-comment for method Tests\Feature\Filament\PropertyResourceTest::tenant_user_cannot_access_property_list_page(). Metadata in doc-comments is deprecated and will no longer be supported in PHPUnit 12. Update your test code to use attributes instead.

  [30;43;1m WARN [39;49;22m Metadata found in doc-comment for method Tests\Feature\Filament\PropertyResourceTest::admin_can_see_properties_scoped_to_their_tenant(). Metadata in doc-comments is deprecated and will no longer be supported in PHPUnit 12. Update your test code to use attributes instead.

  [30;43;1m WARN [39;49;22m Metadata found in doc-comment for method Tests\Feature\Filament\PropertyResourceTest::superadmin_can_see_all_properties_across_tenants(). Metadata in doc-comments is deprecated and will no longer be supported in PHPUnit 12. Update your test code to use attributes instead.

  [30;43;1m WARN [39;49;22m Metadata found in doc-comment for method Tests\Feature\Filament\PropertyResourceTest::admin_can_render_create_property_page(). Metadata in doc-comments is deprecated and will no longer be supported in PHPUnit 12. Update your test code to use attributes instead.

  [30;43;1m WARN [39;49;22m Metadata found in doc-comment for method Tests\Feature\Filament\PropertyResourceTest::manager_can_render_create_property_page(). Metadata in doc-comments is deprecated and will no longer be supported in PHPUnit 12. Update your test code to use attributes instead.

  [30;43;1m WARN [39;49;22m Metadata found in doc-comment for method Tests\Feature\Filament\PropertyResourceTest::tenant_user_cannot_access_create_property_page(). Metadata in doc-comments is deprecated and will no longer be supported in PHPUnit 12. Update your test code to use attributes instead.

  [30;43;1m WARN [39;49;22m Metadata found in doc-comment for method Tests\Feature\Filament\PropertyResourceTest::admin_can_create_property_with_valid_data(). Metadata in doc-comments is deprecated and will no longer be supported in PHPUnit 12. Update your test code to use attributes instead.

  [30;43;1m WARN [39;49;22m Metadata found in doc-comment for method Tests\Feature\Filament\PropertyResourceTest::property_creation_requires_address(). Metadata in doc-comments is deprecated and will no longer be supported in PHPUnit 12. Update your test code to use attributes instead.

  [30;43;1m WARN [39;49;22m Metadata found in doc-comment for method Tests\Feature\Filament\PropertyResourceTest::property_creation_requires_type(). Metadata in doc-comments is deprecated and will no longer be supported in PHPUnit 12. Update your test code to use attributes instead.

  [30;43;1m WARN [39;49;22m Metadata found in doc-comment for method Tests\Feature\Filament\PropertyResourceTest::property_creation_requires_area_sqm(). Metadata in doc-comments is deprecated and will no longer be supported in PHPUnit 12. Update your test code to use attributes instead.

  [30;43;1m WARN [39;49;22m Metadata found in doc-comment for method Tests\Feature\Filament\PropertyResourceTest::property_area_sqm_must_be_positive(). Metadata in doc-comments is deprecated and will no longer be supported in PHPUnit 12. Update your test code to use attributes instead.

  [30;43;1m WARN [39;49;22m Metadata found in doc-comment for method Tests\Feature\Filament\PropertyResourceTest::admin_can_render_edit_property_page(). Metadata in doc-comments is deprecated and will no longer be supported in PHPUnit 12. Update your test code to use attributes instead.

  [30;43;1m WARN [39;49;22m Metadata found in doc-comment for method Tests\Feature\Filament\PropertyResourceTest::manager_can_render_edit_property_page_for_their_tenant(). Metadata in doc-comments is deprecated and will no longer be supported in PHPUnit 12. Update your test code to use attributes instead.

  [30;43;1m WARN [39;49;22m Metadata found in doc-comment for method Tests\Feature\Filament\PropertyResourceTest::manager_cannot_edit_property_from_other_tenant(). Metadata in doc-comments is deprecated and will no longer be supported in PHPUnit 12. Update your test code to use attributes instead.

  [30;43;1m WARN [39;49;22m Metadata found in doc-comment for method Tests\Feature\Filament\PropertyResourceTest::tenant_user_cannot_edit_any_property(). Metadata in doc-comments is deprecated and will no longer be supported in PHPUnit 12. Update your test code to use attributes instead.

  [30;43;1m WARN [39;49;22m Metadata found in doc-comment for method Tests\Feature\Filament\PropertyResourceTest::admin_can_update_property_with_valid_data(). Metadata in doc-comments is deprecated and will no longer be supported in PHPUnit 12. Update your test code to use attributes instead.

  [30;43;1m WARN [39;49;22m Metadata found in doc-comment for method Tests\Feature\Filament\PropertyResourceTest::property_resource_hidden_from_tenant_users(). Metadata in doc-comments is deprecated and will no longer be supported in PHPUnit 12. Update your test code to use attributes instead.

  [30;43;1m WARN [39;49;22m Metadata found in doc-comment for method Tests\Feature\Filament\PropertyResourceTest::property_resource_visible_to_manager_users(). Metadata in doc-comments is deprecated and will no longer be supported in PHPUnit 12. Update your test code to use attributes instead.

  [30;43;1m WARN [39;49;22m Metadata found in doc-comment for method Tests\Feature\Filament\PropertyResourceTest::property_resource_visible_to_admin_users(). Metadata in doc-comments is deprecated and will no longer be supported in PHPUnit 12. Update your test code to use attributes instead.

  [30;43;1m WARN [39;49;22m Metadata found in doc-comment for method Tests\Feature\Filament\PropertyResourceTest::property_resource_visible_to_superadmin_users(). Metadata in doc-comments is deprecated and will no longer be supported in PHPUnit 12. Update your test code to use attributes instead.

  [30;43;1m WARN [39;49;22m Metadata found in doc-comment for method Tests\Feature\Filament\PropertyResourceTest::navigation_badge_shows_property_count_for_manager(). Metadata in doc-comments is deprecated and will no longer be supported in PHPUnit 12. Update your test code to use attributes instead.

  [30;43;1m WARN [39;49;22m Metadata found in doc-comment for method Tests\Feature\Filament\PropertyResourceTest::navigation_badge_shows_all_properties_for_superadmin(). Metadata in doc-comments is deprecated and will no longer be supported in PHPUnit 12. Update your test code to use attributes instead.

  [30;43;1m WARN [39;49;22m Metadata found in doc-comment for method Tests\Feature\Filament\PropertyResourceTest::resource_label_is_localized(). Metadata in doc-comments is deprecated and will no longer be supported in PHPUnit 12. Update your test code to use attributes instead.

  [30;43;1m WARN [39;49;22m Metadata found in doc-comment for method Tests\Feature\Filament\PropertyResourceTest::resource_navigation_label_is_localized(). Metadata in doc-comments is deprecated and will no longer be supported in PHPUnit 12. Update your test code to use attributes instead.

  [30;43;1m WARN [39;49;22m Metadata found in doc-comment for method Tests\Feature\Filament\PropertyResourceTest::resource_has_correct_model(). Metadata in doc-comments is deprecated and will no longer be supported in PHPUnit 12. Update your test code to use attributes instead.

  [39;41;1m FAIL [39;49;22m[39m Tests\Feature\Filament\PropertyResourceTest[39m
  [32;1mâœ“[39;22m[90m [39m[90madmin can render property list page[39m[90m                                                                         [39m [90m0.96s[39m  
  [32;1mâœ“[39;22m[90m [39m[90mmanager can render property list page[39m[90m                                                                       [39m [90m0.12s[39m  
  [32;1mâœ“[39;22m[90m [39m[90mtenant user cannot access property list page[39m[90m                                                                [39m [90m0.09s[39m  
  [32;1mâœ“[39;22m[90m [39m[90madmin can see properties scoped to their tenant[39m[90m                                                             [39m [90m0.14s[39m  
  [32;1mâœ“[39;22m[90m [39m[90msuperadmin can see all properties across tenants[39m[90m                                                            [39m [90m0.13s[39m  
  [32;1mâœ“[39;22m[90m [39m[90madmin can render create property page[39m[90m                                                                       [39m [90m0.11s[39m  
  [32;1mâœ“[39;22m[90m [39m[90mmanager can render create property page[39m[90m                                                                     [39m [90m0.10s[39m  
  [32;1mâœ“[39;22m[90m [39m[90mtenant user cannot access create property page[39m[90m                                                              [39m [90m0.08s[39m  
  [31;1mâ¨¯[39;22m[90m [39m[90madmin can create property with valid data[39m[90m                                                                   [39m [90m0.25s[39m  
  [32;1mâœ“[39;22m[90m [39m[90mproperty creation requires address[39m[90m                                                                          [39m [90m0.24s[39m  
  [32;1mâœ“[39;22m[90m [39m[90mproperty creation requires type[39m[90m                                                                             [39m [90m0.23s[39m  
  [32;1mâœ“[39;22m[90m [39m[90mproperty creation requires area sqm[39m[90m                                                                         [39m [90m0.23s[39m  
  [32;1mâœ“[39;22m[90m [39m[90mproperty area sqm must be positive[39m[90m                                                                          [39m [90m0.24s[39m  
  [32;1mâœ“[39;22m[90m [39m[90madmin can render edit property page[39m[90m                                                                         [39m [90m0.14s[39m  
  [32;1mâœ“[39;22m[90m [39m[90mmanager can render edit property page for their tenant[39m[90m                                                      [39m [90m0.12s[39m  
  [31;1mâ¨¯[39;22m[90m [39m[90mmanager cannot edit property from other tenant[39m[90m                                                              [39m [90m0.09s[39m  
  [32;1mâœ“[39;22m[90m [39m[90mtenant user cannot edit any property[39m[90m                                                                        [39m [90m0.08s[39m  
  [31;1mâ¨¯[39;22m[90m [39m[90madmin can update property with valid data[39m[90m                                                                   [39m [90m0.26s[39m  
  [32;1mâœ“[39;22m[90m [39m[90mproperty resource hidden from tenant users[39m[90m                                                                  [39m [90m0.07s[39m  
  [32;1mâœ“[39;22m[90m [39m[90mproperty resource visible to manager users[39m[90m                                                                  [39m [90m0.08s[39m  
  [32;1mâœ“[39;22m[90m [39m[90mproperty resource visible to admin users[39m[90m                                                                    [39m [90m0.08s[39m  
  [32;1mâœ“[39;22m[90m [39m[90mproperty resource visible to superadmin users[39m[90m                                                               [39m [90m0.07s[39m  
  [31;1mâ¨¯[39;22m[90m [39m[90mnavigation badge shows property count for manager[39m[90m                                                           [39m [90m0.09s[39m  
  [32;1mâœ“[39;22m[90m [39m[90mnavigation badge shows all properties for superadmin[39m[90m                                                        [39m [90m0.08s[39m  
  [32;1mâœ“[39;22m[90m [39m[90mresource label is localized[39m[90m                                                                                 [39m [90m0.07s[39m  
  [32;1mâœ“[39;22m[90m [39m[90mresource navigation label is localized[39m[90m                                                                      [39m [90m0.08s[39m  
  [32;1mâœ“[39;22m[90m [39m[90mresource has correct model[39m[90m                                                                                  [39m [90m0.08s[39m  
  [31mâ”€â”€â”€â”€â”€â”€â”€â”€â”€â”€â”€â”€â”€â”€â”€â”€â”€â”€â”€â”€â”€â”€â”€â”€â”€â”€â”€â”€â”€â”€â”€â”€â”€â”€â”€â”€â”€â”€â”€â”€â”€â”€â”€â”€â”€â”€â”€â”€â”€â”€â”€â”€â”€â”€â”€â”€â”€â”€â”€â”€â”€â”€â”€â”€â”€â”€â”€â”€â”€â”€â”€â”€â”€â”€â”€â”€â”€â”€â”€â”€â”€â”€â”€â”€â”€â”€â”€â”€â”€â”€â”€â”€â”€â”€â”€â”€â”€â”€â”€â”€â”€â”€â”€â”€â”€â”€â”€â”€â”€â”€â”€â”€â”€â”€â”€â”€[39m  
  [41;1m FAILED [49;22m [1mTests\Feature\Filament\PropertyResourceTest[22m [90m>[39m admin can create property with valid data                      
[39;1m  Component has errors: "data.address", "data.type", "data.area_sqm"
Failed asserting that false is true.[39;22m

  at [32mC:\www\rent_counter\vendor\livewire\livewire\src\Features\SupportValidation\TestsValidation.php[39m:[32m109[39m
    105â–•     {
    106â–•         $errors = $this->errors();
    107â–• 
    108â–•         if (empty($keys)) {
  âžœ 109â–•             PHPUnit::assertTrue($errors->isEmpty(), 'Component has errors: "'.implode('", "', $errors->keys()).'"');
    110â–• 
    111â–•             return $this;
    112â–•         }
    113â–•

  [33m1   [39m[39;1mC:\www\rent_counter\vendor\livewire\livewire\src\Features\SupportValidation\TestsValidation.php[39;22m:[39;1m109[39;22m
  [33m2   [39m[39;1mC:\www\rent_counter\vendor\filament\forms\src\Testing\TestsForms.php[39;22m:[39;1m138[39;22m

  [31mâ”€â”€â”€â”€â”€â”€â”€â”€â”€â”€â”€â”€â”€â”€â”€â”€â”€â”€â”€â”€â”€â”€â”€â”€â”€â”€â”€â”€â”€â”€â”€â”€â”€â”€â”€â”€â”€â”€â”€â”€â”€â”€â”€â”€â”€â”€â”€â”€â”€â”€â”€â”€â”€â”€â”€â”€â”€â”€â”€â”€â”€â”€â”€â”€â”€â”€â”€â”€â”€â”€â”€â”€â”€â”€â”€â”€â”€â”€â”€â”€â”€â”€â”€â”€â”€â”€â”€â”€â”€â”€â”€â”€â”€â”€â”€â”€â”€â”€â”€â”€â”€â”€â”€â”€â”€â”€â”€â”€â”€â”€â”€â”€â”€â”€â”€â”€[39m  
  [41;1m FAILED [49;22m [1mTests\Feature\Filament\PropertyResourceTest[22m [90m>[39m manager cannot edit property from oâ€¦ [41;1m ModelNotFoundException [49;22m  
[39;1m  No query results for model [App\Models\Property] 3[39;22m

  at [32mC:\www\rent_counter\vendor\filament\filament\src\Resources\Pages\Concerns\InteractsWithRecord.php[39m:[32m38[39m
     34â–• 
     35â–•         $record = static::getResource()::resolveRecordRouteBinding($key, $modifyQuery);
     36â–• 
     37â–•         if ($record === null) {
  âžœ  38â–•             throw (new ModelNotFoundException)->setModel($this->getModel(), [$key]);
     39â–•         }
     40â–• 
     41â–•         if ($parentRecord) {
     42â–•             $record->setRelation(static::getResource()::getParentResourceRegistration()->getInverseRelationshipName(), $parentRecord);

  [33m1   [39m[39;1mC:\www\rent_counter\vendor\filament\filament\src\Resources\Pages\Concerns\InteractsWithRecord.php[39;22m:[39;1m38[39;22m
  [33m2   [39m[39;1mC:\www\rent_counter\vendor\filament\filament\src\Resources\Pages\EditRecord.php[39;22m:[39;1m89[39;22m

  [31mâ”€â”€â”€â”€â”€â”€â”€â”€â”€â”€â”€â”€â”€â”€â”€â”€â”€â”€â”€â”€â”€â”€â”€â”€â”€â”€â”€â”€â”€â”€â”€â”€â”€â”€â”€â”€â”€â”€â”€â”€â”€â”€â”€â”€â”€â”€â”€â”€â”€â”€â”€â”€â”€â”€â”€â”€â”€â”€â”€â”€â”€â”€â”€â”€â”€â”€â”€â”€â”€â”€â”€â”€â”€â”€â”€â”€â”€â”€â”€â”€â”€â”€â”€â”€â”€â”€â”€â”€â”€â”€â”€â”€â”€â”€â”€â”€â”€â”€â”€â”€â”€â”€â”€â”€â”€â”€â”€â”€â”€â”€â”€â”€â”€â”€â”€â”€[39m  
  [41;1m FAILED [49;22m [1mTests\Feature\Filament\PropertyResourceTest[22m [90m>[39m admin can update property with valid data                      
[39;1m  Failed asserting that a row in the table [properties] matches the attributes {
    "id": 2,
    "address": "102 Updated Street",
    "area_sqm": 85
}.

Found similar results: [
    {
        "id": 2,
        "address": "101 Original Street",
        "area_sqm": 120.56
    }
].[39;22m

  at [32mC:\www\rent_counter\tests\Feature\Filament\PropertyResourceTest.php[39m:[32m383[39m
    379â–•             ])
    380â–•             ->call('save')
    381â–•             ->assertHasNoFormErrors();
    382â–• 
  âžœ 383â–•         $this->assertDatabaseHas('properties', [
    384â–•             'id' => $property->id,
    385â–•             'address' => '102 Updated Street',
    386â–•             'area_sqm' => 85.00,
    387â–•         ]);

  [31mâ”€â”€â”€â”€â”€â”€â”€â”€â”€â”€â”€â”€â”€â”€â”€â”€â”€â”€â”€â”€â”€â”€â”€â”€â”€â”€â”€â”€â”€â”€â”€â”€â”€â”€â”€â”€â”€â”€â”€â”€â”€â”€â”€â”€â”€â”€â”€â”€â”€â”€â”€â”€â”€â”€â”€â”€â”€â”€â”€â”€â”€â”€â”€â”€â”€â”€â”€â”€â”€â”€â”€â”€â”€â”€â”€â”€â”€â”€â”€â”€â”€â”€â”€â”€â”€â”€â”€â”€â”€â”€â”€â”€â”€â”€â”€â”€â”€â”€â”€â”€â”€â”€â”€â”€â”€â”€â”€â”€â”€â”€â”€â”€â”€â”€â”€â”€[39m  
  [41;1m FAILED [49;22m [1mTests\Feature\Filament\PropertyResourceTest[22m [90m>[39m navigation badge shows property count for manager              
[39;1m  Failed asserting that two strings are equal.
--- Expected
+++ Actual
@@ @@
-'5'
+'6'[39;22m

  at [32mC:\www\rent_counter\tests\Feature\Filament\PropertyResourceTest.php[39m:[32m474[39m
    470â–•         $this->actingAs($manager);
    471â–• 
    472â–•         $badge = PropertyResource::getNavigationBadge();
    473â–• 
  âžœ 474â–•         $this->assertEquals('5', $badge);
    475â–•     }
    476â–• 
    477â–•     /** @test */
    478â–•     public function navigation_badge_shows_all_properties_for_superadmin(): void

  [33m1   [39m[39;1mC:\www\rent_counter\tests\Feature\Filament\PropertyResourceTest.php[39;22m:[39;1m474[39;22m


  [90mTests:[39m    [31;1m4 failed[39;22m[90m,[39m[39m [39m[32;1m23 passed[39;22m[90m (58 assertions)[39m
  [90mDuration:[39m [39m4.53s[39m

