
   WARN  Metadata found in doc-comment for class Tests\Unit\Filament\Concerns\FiltersEmptyLanguageValuesTest. Metadata in doc-comments is deprecated and will no longer be supported in PHPUnit 12. Update your test code to use attributes instead.

   WARN  Metadata found in doc-comment for method Tests\Unit\Filament\Concerns\FiltersEmptyLanguageValuesTest::test_preserves_valid_language_values(). Metadata in doc-comments is deprecated and will no longer be supported in PHPUnit 12. Update your test code to use attributes instead.

   WARN  Metadata found in doc-comment for method Tests\Unit\Filament\Concerns\FiltersEmptyLanguageValuesTest::test_filters_null_values(). Metadata in doc-comments is deprecated and will no longer be supported in PHPUnit 12. Update your test code to use attributes instead.

   WARN  Metadata found in doc-comment for method Tests\Unit\Filament\Concerns\FiltersEmptyLanguageValuesTest::test_filters_empty_string_values(). Metadata in doc-comments is deprecated and will no longer be supported in PHPUnit 12. Update your test code to use attributes instead.

   WARN  Metadata found in doc-comment for method Tests\Unit\Filament\Concerns\FiltersEmptyLanguageValuesTest::test_filters_whitespace_only_values(). Metadata in doc-comments is deprecated and will no longer be supported in PHPUnit 12. Update your test code to use attributes instead.

   WARN  Metadata found in doc-comment for method Tests\Unit\Filament\Concerns\FiltersEmptyLanguageValuesTest::test_filters_mixed_empty_and_valid_values(). Metadata in doc-comments is deprecated and will no longer be supported in PHPUnit 12. Update your test code to use attributes instead.

   WARN  Metadata found in doc-comment for method Tests\Unit\Filament\Concerns\FiltersEmptyLanguageValuesTest::test_all_empty_values_results_in_empty_array(). Metadata in doc-comments is deprecated and will no longer be supported in PHPUnit 12. Update your test code to use attributes instead.

   WARN  Metadata found in doc-comment for method Tests\Unit\Filament\Concerns\FiltersEmptyLanguageValuesTest::test_data_without_values_key_unchanged(). Metadata in doc-comments is deprecated and will no longer be supported in PHPUnit 12. Update your test code to use attributes instead.

   WARN  Metadata found in doc-comment for method Tests\Unit\Filament\Concerns\FiltersEmptyLanguageValuesTest::test_non_array_values_key_unchanged(). Metadata in doc-comments is deprecated and will no longer be supported in PHPUnit 12. Update your test code to use attributes instead.

   WARN  Metadata found in doc-comment for method Tests\Unit\Filament\Concerns\FiltersEmptyLanguageValuesTest::test_empty_values_array_preserved(). Metadata in doc-comments is deprecated and will no longer be supported in PHPUnit 12. Update your test code to use attributes instead.

   WARN  Metadata found in doc-comment for method Tests\Unit\Filament\Concerns\FiltersEmptyLanguageValuesTest::test_preserves_values_with_meaningful_spaces(). Metadata in doc-comments is deprecated and will no longer be supported in PHPUnit 12. Update your test code to use attributes instead.

   WARN  Metadata found in doc-comment for method Tests\Unit\Filament\Concerns\FiltersEmptyLanguageValuesTest::test_preserves_numeric_string_values(). Metadata in doc-comments is deprecated and will no longer be supported in PHPUnit 12. Update your test code to use attributes instead.

   WARN  Metadata found in doc-comment for method Tests\Unit\Filament\Concerns\FiltersEmptyLanguageValuesTest::test_preserves_special_characters(). Metadata in doc-comments is deprecated and will no longer be supported in PHPUnit 12. Update your test code to use attributes instead.

   WARN  Metadata found in doc-comment for method Tests\Unit\Filament\Concerns\FiltersEmptyLanguageValuesTest::test_preserves_multiline_values(). Metadata in doc-comments is deprecated and will no longer be supported in PHPUnit 12. Update your test code to use attributes instead.

   WARN  Metadata found in doc-comment for method Tests\Unit\Filament\Concerns\FiltersEmptyLanguageValuesTest::test_preserves_other_form_fields(). Metadata in doc-comments is deprecated and will no longer be supported in PHPUnit 12. Update your test code to use attributes instead.

   WARN  Metadata found in doc-comment for method Tests\Unit\Filament\Concerns\FiltersEmptyLanguageValuesTest::test_preserves_boolean_false(). Metadata in doc-comments is deprecated and will no longer be supported in PHPUnit 12. Update your test code to use attributes instead.

   WARN  Metadata found in doc-comment for method Tests\Unit\Filament\Concerns\FiltersEmptyLanguageValuesTest::test_preserves_zero_string(). Metadata in doc-comments is deprecated and will no longer be supported in PHPUnit 12. Update your test code to use attributes instead.

   WARN  Metadata found in doc-comment for method Tests\Unit\Services\BillingServiceTest::it_generates_invoice_with_electricity_consumption(). Metadata in doc-comments is deprecated and will no longer be supported in PHPUnit 12. Update your test code to use attributes instead.

   WARN  Metadata found in doc-comment for method Tests\Unit\Services\BillingServiceTest::it_generates_invoice_with_water_consumption_including_supply_and_sewage(). Metadata in doc-comments is deprecated and will no longer be supported in PHPUnit 12. Update your test code to use attributes instead.

   WARN  Metadata found in doc-comment for method Tests\Unit\Services\BillingServiceTest::it_generates_invoice_with_multi_zone_electricity_meter(). Metadata in doc-comments is deprecated and will no longer be supported in PHPUnit 12. Update your test code to use attributes instead.

   WARN  Metadata found in doc-comment for method Tests\Unit\Services\BillingServiceTest::it_throws_exception_when_tenant_has_no_property(). Metadata in doc-comments is deprecated and will no longer be supported in PHPUnit 12. Update your test code to use attributes instead.

   WARN  Metadata found in doc-comment for method Tests\Unit\Services\BillingServiceTest::it_throws_exception_when_property_has_no_meters(). Metadata in doc-comments is deprecated and will no longer be supported in PHPUnit 12. Update your test code to use attributes instead.

   WARN  Metadata found in doc-comment for method Tests\Unit\Services\BillingServiceTest::it_throws_exception_when_meter_readings_are_missing(). Metadata in doc-comments is deprecated and will no longer be supported in PHPUnit 12. Update your test code to use attributes instead.

   WARN  Metadata found in doc-comment for method Tests\Unit\Services\BillingServiceTest::it_finalizes_draft_invoice(). Metadata in doc-comments is deprecated and will no longer be supported in PHPUnit 12. Update your test code to use attributes instead.

   WARN  Metadata found in doc-comment for method Tests\Unit\Services\BillingServiceTest::it_throws_exception_when_finalizing_already_finalized_invoice(). Metadata in doc-comments is deprecated and will no longer be supported in PHPUnit 12. Update your test code to use attributes instead.

   WARN  Metadata found in doc-comment for method Tests\Unit\Services\BillingServiceTest::it_snapshots_tariff_configuration_in_invoice_items(). Metadata in doc-comments is deprecated and will no longer be supported in PHPUnit 12. Update your test code to use attributes instead.

   WARN  Metadata found in doc-comment for method Tests\Unit\Services\BillingServiceTest::it_calculates_correct_total_amount_for_invoice(). Metadata in doc-comments is deprecated and will no longer be supported in PHPUnit 12. Update your test code to use attributes instead.

   WARN  Metadata found in doc-comment for method Tests\Feature\Filament\LanguageResourceNavigationTest::superadmin_can_navigate_to_languages_index(). Metadata in doc-comments is deprecated and will no longer be supported in PHPUnit 12. Update your test code to use attributes instead.

   WARN  Metadata found in doc-comment for method Tests\Feature\Filament\LanguageResourceNavigationTest::admin_cannot_navigate_to_languages_index(). Metadata in doc-comments is deprecated and will no longer be supported in PHPUnit 12. Update your test code to use attributes instead.

   WARN  Metadata found in doc-comment for method Tests\Feature\Filament\LanguageResourceNavigationTest::manager_cannot_navigate_to_languages_index(). Metadata in doc-comments is deprecated and will no longer be supported in PHPUnit 12. Update your test code to use attributes instead.

   WARN  Metadata found in doc-comment for method Tests\Feature\Filament\LanguageResourceNavigationTest::tenant_cannot_navigate_to_languages_index(). Metadata in doc-comments is deprecated and will no longer be supported in PHPUnit 12. Update your test code to use attributes instead.

   WARN  Metadata found in doc-comment for method Tests\Feature\Filament\LanguageResourceNavigationTest::language_resource_uses_consolidated_namespace(). Metadata in doc-comments is deprecated and will no longer be supported in PHPUnit 12. Update your test code to use attributes instead.

   WARN  Metadata found in doc-comment for method Tests\Feature\Filament\LanguageResourceNavigationTest::navigation_only_visible_to_superadmin(). Metadata in doc-comments is deprecated and will no longer be supported in PHPUnit 12. Update your test code to use attributes instead.

   WARN  Metadata found in doc-comment for method Tests\Feature\Filament\LanguageResourceNavigationTest::superadmin_can_navigate_to_create_language(). Metadata in doc-comments is deprecated and will no longer be supported in PHPUnit 12. Update your test code to use attributes instead.

   WARN  Metadata found in doc-comment for method Tests\Feature\Filament\LanguageResourceNavigationTest::superadmin_can_navigate_to_edit_language(). Metadata in doc-comments is deprecated and will no longer be supported in PHPUnit 12. Update your test code to use attributes instead.

   WARN  Metadata found in doc-comment for method Tests\Feature\Filament\LanguageResourceSetDefaultTest::set_default_action_uses_consolidated_namespace(). Metadata in doc-comments is deprecated and will no longer be supported in PHPUnit 12. Update your test code to use attributes instead.

   WARN  Metadata found in doc-comment for class Tests\Feature\Filament\LanguageResourceSetDefaultTest. Metadata in doc-comments is deprecated and will no longer be supported in PHPUnit 12. Update your test code to use attributes instead.

   WARN  Metadata found in doc-comment for method Tests\Feature\Filament\LanguageResourceSetDefaultTest::superadmin_can_set_language_as_default(). Metadata in doc-comments is deprecated and will no longer be supported in PHPUnit 12. Update your test code to use attributes instead.

   WARN  Metadata found in doc-comment for method Tests\Feature\Filament\LanguageResourceSetDefaultTest::setting_default_unsets_previous_default(). Metadata in doc-comments is deprecated and will no longer be supported in PHPUnit 12. Update your test code to use attributes instead.

   WARN  Metadata found in doc-comment for method Tests\Feature\Filament\LanguageResourceSetDefaultTest::action_is_hidden_for_already_default_language(). Metadata in doc-comments is deprecated and will no longer be supported in PHPUnit 12. Update your test code to use attributes instead.

   WARN  Metadata found in doc-comment for method Tests\Feature\Filament\LanguageResourceSetDefaultTest::action_is_visible_for_non_default_language(). Metadata in doc-comments is deprecated and will no longer be supported in PHPUnit 12. Update your test code to use attributes instead.

   WARN  Metadata found in doc-comment for method Tests\Feature\Filament\LanguageResourceSetDefaultTest::action_has_correct_label(). Metadata in doc-comments is deprecated and will no longer be supported in PHPUnit 12. Update your test code to use attributes instead.

   WARN  Metadata found in doc-comment for method Tests\Feature\Filament\LanguageResourceSetDefaultTest::action_has_correct_icon(). Metadata in doc-comments is deprecated and will no longer be supported in PHPUnit 12. Update your test code to use attributes instead.

   WARN  Metadata found in doc-comment for method Tests\Feature\Filament\LanguageResourceSetDefaultTest::action_has_correct_color(). Metadata in doc-comments is deprecated and will no longer be supported in PHPUnit 12. Update your test code to use attributes instead.

   WARN  Metadata found in doc-comment for method Tests\Feature\Filament\LanguageResourceSetDefaultTest::action_requires_confirmation(). Metadata in doc-comments is deprecated and will no longer be supported in PHPUnit 12. Update your test code to use attributes instead.

   WARN  Metadata found in doc-comment for method Tests\Feature\Filament\LanguageResourceSetDefaultTest::only_superadmin_can_access_set_default_action(). Metadata in doc-comments is deprecated and will no longer be supported in PHPUnit 12. Update your test code to use attributes instead.

   WARN  Metadata found in doc-comment for method Tests\Feature\Filament\LanguageResourceSetDefaultTest::cannot_set_inactive_language_as_default(). Metadata in doc-comments is deprecated and will no longer be supported in PHPUnit 12. Update your test code to use attributes instead.

   WARN  Metadata found in doc-comment for method Tests\Feature\Filament\LanguageResourceSetDefaultTest::setting_default_activates_inactive_language(). Metadata in doc-comments is deprecated and will no longer be supported in PHPUnit 12. Update your test code to use attributes instead.

   WARN  Metadata found in doc-comment for method Tests\Feature\Filament\LanguageResourceSetDefaultTest::set_default_action_performs_efficiently(). Metadata in doc-comments is deprecated and will no longer be supported in PHPUnit 12. Update your test code to use attributes instead.

   WARN  Metadata found in doc-comment for method Tests\Feature\Filament\LanguageResourceSetDefaultTest::only_one_default_language_exists_after_action(). Metadata in doc-comments is deprecated and will no longer be supported in PHPUnit 12. Update your test code to use attributes instead.

   WARN  Metadata found in doc-comment for method Tests\Feature\Filament\LanguageResourceToggleActiveTest::toggle_active_action_uses_consolidated_namespace(). Metadata in doc-comments is deprecated and will no longer be supported in PHPUnit 12. Update your test code to use attributes instead.

   WARN  Metadata found in doc-comment for class Tests\Feature\Filament\LanguageResourceToggleActiveTest. Metadata in doc-comments is deprecated and will no longer be supported in PHPUnit 12. Update your test code to use attributes instead.

   WARN  Metadata found in doc-comment for method Tests\Feature\Filament\LanguageResourceToggleActiveTest::can_toggle_active_language_to_inactive(). Metadata in doc-comments is deprecated and will no longer be supported in PHPUnit 12. Update your test code to use attributes instead.

   WARN  Metadata found in doc-comment for method Tests\Feature\Filament\LanguageResourceToggleActiveTest::can_toggle_inactive_language_to_active(). Metadata in doc-comments is deprecated and will no longer be supported in PHPUnit 12. Update your test code to use attributes instead.

   WARN  Metadata found in doc-comment for method Tests\Feature\Filament\LanguageResourceToggleActiveTest::cannot_deactivate_default_language_via_toggle(). Metadata in doc-comments is deprecated and will no longer be supported in PHPUnit 12. Update your test code to use attributes instead.

   WARN  Metadata found in doc-comment for method Tests\Feature\Filament\LanguageResourceToggleActiveTest::bulk_activate_action_uses_consolidated_namespace(). Metadata in doc-comments is deprecated and will no longer be supported in PHPUnit 12. Update your test code to use attributes instead.

   WARN  Metadata found in doc-comment for method Tests\Feature\Filament\LanguageResourceToggleActiveTest::can_bulk_activate_multiple_languages(). Metadata in doc-comments is deprecated and will no longer be supported in PHPUnit 12. Update your test code to use attributes instead.

   WARN  Metadata found in doc-comment for method Tests\Feature\Filament\LanguageResourceToggleActiveTest::bulk_deactivate_action_uses_consolidated_namespace(). Metadata in doc-comments is deprecated and will no longer be supported in PHPUnit 12. Update your test code to use attributes instead.

   WARN  Metadata found in doc-comment for method Tests\Feature\Filament\LanguageResourceToggleActiveTest::can_bulk_deactivate_multiple_languages(). Metadata in doc-comments is deprecated and will no longer be supported in PHPUnit 12. Update your test code to use attributes instead.

   WARN  Metadata found in doc-comment for method Tests\Feature\Filament\LanguageResourceToggleActiveTest::bulk_deactivate_prevents_deactivating_default_language(). Metadata in doc-comments is deprecated and will no longer be supported in PHPUnit 12. Update your test code to use attributes instead.

   WARN  Metadata found in doc-comment for method Tests\Feature\Filament\LanguageResourceToggleActiveTest::toggle_action_shows_deactivate_label_for_active_language(). Metadata in doc-comments is deprecated and will no longer be supported in PHPUnit 12. Update your test code to use attributes instead.

   WARN  Metadata found in doc-comment for method Tests\Feature\Filament\LanguageResourceToggleActiveTest::toggle_action_shows_activate_label_for_inactive_language(). Metadata in doc-comments is deprecated and will no longer be supported in PHPUnit 12. Update your test code to use attributes instead.

   WARN  Metadata found in doc-comment for method Tests\Feature\Filament\LanguageResourceToggleActiveTest::toggle_action_uses_correct_icon_for_active_language(). Metadata in doc-comments is deprecated and will no longer be supported in PHPUnit 12. Update your test code to use attributes instead.

   WARN  Metadata found in doc-comment for method Tests\Feature\Filament\LanguageResourceToggleActiveTest::toggle_action_uses_correct_icon_for_inactive_language(). Metadata in doc-comments is deprecated and will no longer be supported in PHPUnit 12. Update your test code to use attributes instead.

   WARN  Metadata found in doc-comment for method Tests\Feature\Filament\LanguageResourceToggleActiveTest::toggle_action_uses_correct_color_for_active_language(). Metadata in doc-comments is deprecated and will no longer be supported in PHPUnit 12. Update your test code to use attributes instead.

   WARN  Metadata found in doc-comment for method Tests\Feature\Filament\LanguageResourceToggleActiveTest::toggle_action_uses_correct_color_for_inactive_language(). Metadata in doc-comments is deprecated and will no longer be supported in PHPUnit 12. Update your test code to use attributes instead.

   WARN  Metadata found in doc-comment for method Tests\Feature\Filament\LanguageResourceToggleActiveTest::only_superadmin_can_access_toggle_actions(). Metadata in doc-comments is deprecated and will no longer be supported in PHPUnit 12. Update your test code to use attributes instead.

   WARN  Metadata found in doc-comment for class Tests\Feature\Filament\TranslationResourceDeleteTest. Metadata in doc-comments is deprecated and will no longer be supported in PHPUnit 12. Update your test code to use attributes instead.

   WARN  Metadata found in doc-comment for class Tests\Feature\Http\Controllers\MeterReadingUpdateControllerTest. Metadata in doc-comments is deprecated and will no longer be supported in PHPUnit 12. Update your test code to use attributes instead.

   WARN  Metadata found in doc-comment for method Tests\Feature\Security\TariffResourceSecurityEnhancedTest::rate_limiting_prevents_excessive_tariff_operations(). Metadata in doc-comments is deprecated and will no longer be supported in PHPUnit 12. Update your test code to use attributes instead.

   WARN  Metadata found in doc-comment for method Tests\Feature\Security\TariffResourceSecurityEnhancedTest::xss_attempts_in_tariff_name_are_sanitized(). Metadata in doc-comments is deprecated and will no longer be supported in PHPUnit 12. Update your test code to use attributes instead.

   WARN  Metadata found in doc-comment for method Tests\Feature\Security\TariffResourceSecurityEnhancedTest::security_headers_are_present_in_response(). Metadata in doc-comments is deprecated and will no longer be supported in PHPUnit 12. Update your test code to use attributes instead.

   WARN  Metadata found in doc-comment for method Tests\Feature\Security\TariffResourceSecurityEnhancedTest::csrf_protection_prevents_unauthorized_requests(). Metadata in doc-comments is deprecated and will no longer be supported in PHPUnit 12. Update your test code to use attributes instead.

   WARN  Metadata found in doc-comment for method Tests\Feature\Security\TariffResourceSecurityEnhancedTest::numeric_overflow_is_prevented_in_rate_field(). Metadata in doc-comments is deprecated and will no longer be supported in PHPUnit 12. Update your test code to use attributes instead.

   WARN  Metadata found in doc-comment for method Tests\Feature\Security\TariffResourceSecurityEnhancedTest::sql_injection_attempts_are_prevented(). Metadata in doc-comments is deprecated and will no longer be supported in PHPUnit 12. Update your test code to use attributes instead.

   WARN  Metadata found in doc-comment for method Tests\Feature\Security\TariffResourceSecurityEnhancedTest::unauthorized_users_cannot_access_tariff_operations(). Metadata in doc-comments is deprecated and will no longer be supported in PHPUnit 12. Update your test code to use attributes instead.

   WARN  Metadata found in doc-comment for method Tests\Feature\Security\TariffResourceSecurityEnhancedTest::zone_id_injection_is_prevented(). Metadata in doc-comments is deprecated and will no longer be supported in PHPUnit 12. Update your test code to use attributes instead.

   WARN  Metadata found in doc-comment for method Tests\Feature\SuperadminAuthenticationTest::test_superadmin_can_login_and_redirects_to_superadmin_dashboard(). Metadata in doc-comments is deprecated and will no longer be supported in PHPUnit 12. Update your test code to use attributes instead.

   WARN  Metadata found in doc-comment for method Tests\Feature\SuperadminAuthenticationTest::test_deactivated_superadmin_cannot_login(). Metadata in doc-comments is deprecated and will no longer be supported in PHPUnit 12. Update your test code to use attributes instead.

   WARN  Metadata found in doc-comment for method Tests\Feature\SuperadminAuthenticationTest::test_deactivated_admin_cannot_login(). Metadata in doc-comments is deprecated and will no longer be supported in PHPUnit 12. Update your test code to use attributes instead.

   WARN  Metadata found in doc-comment for method Tests\Feature\SuperadminAuthenticationTest::test_deactivated_tenant_cannot_login(). Metadata in doc-comments is deprecated and will no longer be supported in PHPUnit 12. Update your test code to use attributes instead.

   WARN  Metadata found in doc-comment for method Tests\Feature\SuperadminAuthenticationTest::test_all_active_roles_can_login(). Metadata in doc-comments is deprecated and will no longer be supported in PHPUnit 12. Update your test code to use attributes instead.

   WARN  Metadata found in doc-comment for method Tests\Feature\SuperadminAuthenticationTest::test_invalid_credentials_are_rejected(). Metadata in doc-comments is deprecated and will no longer be supported in PHPUnit 12. Update your test code to use attributes instead.

   WARN  Metadata found in doc-comment for method Tests\Feature\SuperadminAuthenticationTest::test_session_is_regenerated_on_login(). Metadata in doc-comments is deprecated and will no longer be supported in PHPUnit 12. Update your test code to use attributes instead.

   WARN  Metadata found in doc-comment for method Tests\Feature\SuperadminAuthenticationTest::test_remember_me_functionality(). Metadata in doc-comments is deprecated and will no longer be supported in PHPUnit 12. Update your test code to use attributes instead.

   FAIL  Tests\Feature\Filament\TranslationResourceDynamicFieldsTest
  ✓ Namespace Consolidation → uses consolidated namespace import      1.74s  
  ✓ Namespace Consolidation → does not use individual component impo… 0.38s  
  ✓ Dynamic Field Generation → create form displays fields for all a… 0.45s  
  ✓ Dynamic Field Generation → edit form displays fields for all act… 0.43s  
  ✓ Dynamic Field Generation → inactive languages do not generate fo… 0.40s  
  ✓ Dynamic Field Generation → newly activated language appears in f… 0.50s  
  ✓ Dynamic Field Generation → deactivated language disappears from…  0.47s  
  ✓ Dynamic Field Generation → field labels include language name an… 0.82s  
  ✓ Field Configuration → fields are Textarea components              0.37s  
  ✓ Field Configuration → fields have correct attributes              0.48s  
  ⨯ Field Configuration → default language field has helper text      0.40s  
  ⨯ Field Configuration → non-default language fields do not have he… 0.44s  
  ✓ Performance → uses cached Language::getActiveLanguages()          0.42s  
  ✓ Performance → form renders efficiently with multiple languages    0.58s  
  ✓ Authorization → only superadmin can access forms with dynamic fi… 0.48s  
  ─────────────────────────────────────────────────────────────────────────  
   FAILED  Tests\Feature\Filament\TranslationReso…  BadMethodCallException   
  Method Filament\Forms\Components\Textarea::getHelperText does not exist.

  at vendor\filament\support\src\Concerns\Macroable.php:77
     73▕     {
     74▕         $macro = static::getMacro($method);
     75▕ 
     76▕         if ($macro === null) {
  ➜  77▕             throw new BadMethodCallException(sprintf(
     78▕                 'Method %s::%s does not exist.',
     79▕                 static::class,
     80▕                 $method,
     81▕             ));

  1   vendor\filament\support\src\Concerns\Macroable.php:77
  2   tests\Feature\Filament\TranslationResourceDynamicFieldsTest.php:349

  ─────────────────────────────────────────────────────────────────────────  
   FAILED  Tests\Feature\Filament\TranslationReso…  BadMethodCallException   
  Method Filament\Forms\Components\Textarea::getHelperText does not exist.

  at vendor\filament\support\src\Concerns\Macroable.php:77
     73▕     {
     74▕         $macro = static::getMacro($method);
     75▕ 
     76▕         if ($macro === null) {
  ➜  77▕             throw new BadMethodCallException(sprintf(
     78▕                 'Method %s::%s does not exist.',
     79▕                 static::class,
     80▕                 $method,
     81▕             ));

  1   vendor\filament\support\src\Concerns\Macroable.php:77
  2   tests\Feature\Filament\TranslationResourceDynamicFieldsTest.php:376


  Tests:    2 failed, 13 passed (85 assertions)
  Duration: 14.88s

